<?xml version="1.0" encoding="UTF-8"?>
<!-- Generated by org.testng.reporters.JUnitReportReporter -->
<testsuite name="MyAllureGradleTestNGPackage.MyAllureReportsTest" tests="1" time="6.753" ignored="0" failures="0" timestamp="06 Feb 2017 06:36:00 GMT" skipped="0" hostname="SIDDHIVINAYAKA" errors="0">
  <testcase name="Test001NavigateToGoogleWebSite" time="6.753" classname="MyAllureGradleTestNGPackage.MyAllureReportsTest"/>
</testsuite> <!-- MyAllureGradleTestNGPackage.MyAllureReportsTest -->
