<?xml version="1.0" encoding="UTF-8"?>
<!-- Generated by org.testng.reporters.JUnitReportReporter -->
<testsuite name="MyAllureReportsTest" tests="1" time="4.297" ignored="0" failures="0" timestamp="03 Feb 2017 09:55:10 GMT" skipped="0" hostname="SIDDHIVINAYAKA" errors="0">
  <testcase name="Test001NavigateToGoogleWebSite" time="4.297" classname="MyAllureReportsTest"/>
</testsuite> <!-- MyAllureReportsTest -->
